Flow report for DOOR_LOCK
Mon Dec 15 23:22:58 2014
Quartus II 32-bit Version 13.0.0 Build 156 04/24/2013 SJ Web Edition


---------------------
; Table of Contents ;
---------------------
  1. Legal Notice
  2. Flow Summary
  3. Flow Settings
  4. Flow Non-Default Global Settings
  5. Flow Elapsed Time
  6. Flow OS Summary
  7. Flow Log
  8. Flow Messages
  9. Flow Suppressed Messages



----------------
; Legal Notice ;
----------------
Copyright (C) 1991-2013 Altera Corporation
Your use of Altera Corporation's design tools, logic functions 
and other software and tools, and its AMPP partner logic 
functions, and any output files from any of the foregoing 
(including device programming or simulation files), and any 
associated documentation or information are expressly subject 
to the terms and conditions of the Altera Program License 
Subscription Agreement, Altera MegaCore Function License 
Agreement, or other applicable license agreement, including, 
without limitation, that your use is for the sole purpose of 
programming logic devices manufactured by Altera and sold by 
Altera or its authorized distributors.  Please refer to the 
applicable agreement for further details.



+---------------------------------------------------------------------------------+
; Flow Summary                                                                    ;
+------------------------------------+--------------------------------------------+
; Flow Status                        ; Successful - Mon Dec 15 23:22:58 2014      ;
; Quartus II 32-bit Version          ; 13.0.0 Build 156 04/24/2013 SJ Web Edition ;
; Revision Name                      ; DOOR_LOCK                                  ;
; Top-level Entity Name              ; DOOR_LOCK                                  ;
; Family                             ; Cyclone II                                 ;
; Device                             ; EP2C8F256C8                                ;
; Timing Models                      ; Final                                      ;
; Total logic elements               ; 1,462 / 8,256 ( 18 % )                     ;
;     Total combinational functions  ; 1,400 / 8,256 ( 17 % )                     ;
;     Dedicated logic registers      ; 696 / 8,256 ( 8 % )                        ;
; Total registers                    ; 696                                        ;
; Total pins                         ; 34 / 182 ( 19 % )                          ;
; Total virtual pins                 ; 0                                          ;
; Total memory bits                  ; 0 / 165,888 ( 0 % )                        ;
; Embedded Multiplier 9-bit elements ; 0 / 36 ( 0 % )                             ;
; Total PLLs                         ; 0 / 2 ( 0 % )                              ;
+------------------------------------+--------------------------------------------+


+-----------------------------------------+
; Flow Settings                           ;
+-------------------+---------------------+
; Option            ; Setting             ;
+-------------------+---------------------+
; Start date & time ; 12/15/2014 23:21:19 ;
; Main task         ; Compilation         ;
; Revision Name     ; DOOR_LOCK           ;
+-------------------+---------------------+


+-------------------------------------------------------------------------------------------------------------------+
; Flow Non-Default Global Settings                                                                                  ;
+-------------------------------------+------------------------------+---------------+-------------+----------------+
; Assignment Name                     ; Value                        ; Default Value ; Entity Name ; Section Id     ;
+-------------------------------------+------------------------------+---------------+-------------+----------------+
; COMPILER_SIGNATURE_ID               ; 162459660128.141865327805700 ; --            ; --          ; --             ;
; EDA_OUTPUT_DATA_FORMAT              ; Verilog Hdl                  ; --            ; --          ; eda_simulation ;
; EDA_SIMULATION_TOOL                 ; ModelSim-Altera (Verilog)    ; <None>        ; --          ; --             ;
; MAX_CORE_JUNCTION_TEMP              ; 85                           ; --            ; --          ; --             ;
; MIN_CORE_JUNCTION_TEMP              ; 0                            ; --            ; --          ; --             ;
; PARTITION_COLOR                     ; 16764057                     ; --            ; --          ; Top            ;
; PARTITION_FITTER_PRESERVATION_LEVEL ; PLACEMENT_AND_ROUTING        ; --            ; --          ; Top            ;
; PARTITION_NETLIST_TYPE              ; SOURCE                       ; --            ; --          ; Top            ;
; PROJECT_OUTPUT_DIRECTORY            ; output_files                 ; --            ; --          ; --             ;
+-------------------------------------+------------------------------+---------------+-------------+----------------+


+-------------------------------------------------------------------------------------------------------------------------------+
; Flow Elapsed Time                                                                                                             ;
+---------------------------+--------------+-------------------------+---------------------+------------------------------------+
; Module Name               ; Elapsed Time ; Average Processors Used ; Peak Virtual Memory ; Total CPU Time (on all processors) ;
+---------------------------+--------------+-------------------------+---------------------+------------------------------------+
; Analysis & Synthesis      ; 00:00:27     ; 1.0                     ; 343 MB              ; 00:00:26                           ;
; Fitter                    ; 00:00:50     ; 1.0                     ; 431 MB              ; 00:00:48                           ;
; Assembler                 ; 00:00:04     ; 1.0                     ; 350 MB              ; 00:00:04                           ;
; TimeQuest Timing Analyzer ; 00:00:05     ; 1.0                     ; 321 MB              ; 00:00:05                           ;
; EDA Netlist Writer        ; 00:00:05     ; 1.0                     ; 313 MB              ; 00:00:05                           ;
; Total                     ; 00:01:31     ; --                      ; --                  ; 00:01:28                           ;
+---------------------------+--------------+-------------------------+---------------------+------------------------------------+


+--------------------------------------------------------------------------------------------+
; Flow OS Summary                                                                            ;
+---------------------------+------------------+---------------+------------+----------------+
; Module Name               ; Machine Hostname ; OS Name       ; OS Version ; Processor type ;
+---------------------------+------------------+---------------+------------+----------------+
; Analysis & Synthesis      ; ±èÁöÇý-PC        ; Windows Vista ; 6.0        ; i686           ;
; Fitter                    ; ±èÁöÇý-PC        ; Windows Vista ; 6.0        ; i686           ;
; Assembler                 ; ±èÁöÇý-PC        ; Windows Vista ; 6.0        ; i686           ;
; TimeQuest Timing Analyzer ; ±èÁöÇý-PC        ; Windows Vista ; 6.0        ; i686           ;
; EDA Netlist Writer        ; ±èÁöÇý-PC        ; Windows Vista ; 6.0        ; i686           ;
+---------------------------+------------------+---------------+------------+----------------+


------------
; Flow Log ;
------------
quartus_map --read_settings_files=on --write_settings_files=off DOOR_LOCK -c DOOR_LOCK
quartus_fit --read_settings_files=off --write_settings_files=off DOOR_LOCK -c DOOR_LOCK
quartus_asm --read_settings_files=off --write_settings_files=off DOOR_LOCK -c DOOR_LOCK
quartus_sta DOOR_LOCK -c DOOR_LOCK
quartus_eda --read_settings_files=off --write_settings_files=off DOOR_LOCK -c DOOR_LOCK



